TN:
SF:app.js
FNF:0
FNH:0
DA:2,1
DA:3,1
DA:4,1
DA:5,1
DA:6,1
DA:10,1
DA:16,1
DA:19,1
DA:22,1
DA:26,1
LF:10
LH:10
BRF:0
BRH:0
end_of_record
TN:
SF:bin\models\Book.js
FN:5,(anonymous_0)
FN:13,(anonymous_1)
FN:23,(anonymous_2)
FN:24,(anonymous_3)
FN:31,(anonymous_4)
FN:41,(anonymous_5)
FN:46,(anonymous_6)
FN:49,(anonymous_7)
FN:58,(anonymous_8)
FN:68,(anonymous_9)
FN:73,(anonymous_10)
FNF:11
FNH:11
FNDA:5,(anonymous_0)
FNDA:1,(anonymous_1)
FNDA:3,(anonymous_2)
FNDA:2,(anonymous_3)
FNDA:5,(anonymous_4)
FNDA:1,(anonymous_5)
FNDA:3,(anonymous_6)
FNDA:14,(anonymous_7)
FNDA:1,(anonymous_8)
FNDA:1,(anonymous_9)
FNDA:5,(anonymous_10)
DA:1,1
DA:2,1
DA:6,5
DA:7,5
DA:8,5
DA:9,5
DA:10,5
DA:14,1
DA:16,1
DA:18,1
DA:20,1
DA:24,3
DA:25,2
DA:26,0
DA:32,5
DA:34,5
DA:35,5
DA:38,5
DA:42,1
DA:43,1
DA:47,3
DA:49,14
DA:51,3
DA:52,0
DA:55,3
DA:59,1
DA:61,1
DA:63,1
DA:65,1
DA:69,1
DA:71,1
DA:73,1
DA:74,5
DA:75,3
DA:79,1
DA:81,1
DA:86,1
LF:37
LH:35
BRDA:25,0,0,0
BRDA:25,0,1,2
BRDA:34,1,0,5
BRDA:34,1,1,0
BRDA:51,2,0,0
BRDA:51,2,1,3
BRDA:74,3,0,3
BRDA:74,3,1,2
BRF:8
BRH:5
end_of_record
TN:
SF:bin\routes\book.js
FN:8,(anonymous_0)
FN:12,(anonymous_1)
FN:18,(anonymous_2)
FN:25,(anonymous_3)
FN:35,(anonymous_4)
FN:42,(anonymous_5)
FNF:6
FNH:5
FNDA:0,(anonymous_0)
FNDA:1,(anonymous_1)
FNDA:1,(anonymous_2)
FNDA:1,(anonymous_3)
FNDA:1,(anonymous_4)
FNDA:1,(anonymous_5)
DA:1,1
DA:2,1
DA:5,1
DA:8,1
DA:9,0
DA:12,1
DA:13,1
DA:14,1
DA:15,1
DA:18,1
DA:19,1
DA:20,1
DA:21,1
DA:22,1
DA:25,1
DA:26,1
DA:28,1
DA:30,1
DA:32,1
DA:35,1
DA:36,1
DA:37,1
DA:38,1
DA:39,1
DA:42,1
DA:43,1
DA:44,1
DA:46,1
DA:47,1
DA:50,1
LF:30
LH:29
BRF:0
BRH:0
end_of_record
